# JRE version: OpenJDK Runtime Environment Temurin-17.0.3+7 (17.0.3+7) (build 17.0.3+7)
# Java VM: OpenJDK 64-Bit Server VM Temurin-17.0.3+7 (17.0.3+7, mixed mode, emulated-client, tiered, compressed oops, compressed class ptrs, g1 gc, windows-amd64)
GC Precious Log:
 CPUs: 2 total, 2 available
 Memory: 12287M
 Large Page Support: Disabled
 NUMA Support: Disabled
 Compressed Oops: Enabled (Zero based)
 Heap Region Size: 2M
 Heap Min Capacity: 8M
 Heap Initial Capacity: 192M
 Heap Max Capacity: 3G
 Pre-touch: Disabled
 Parallel Workers: 2
 Concurrent Workers: 1
 Concurrent Refinement Workers: 2
 Periodic GC: Disabled
Heap:
 garbage-first heap   total 237568K, used 77137K [0x0000000740000000, 0x0000000800000000)
  region size 2048K, 6 young (12288K), 6 survivors (12288K)
 Metaspace       used 33928K, committed 34240K, reserved 1081344K
  class space    used 4393K, committed 4544K, reserved 1048576K
GC Heap History (20 events):
Event: 21.925 GC heap after
{Heap after GC invocations=18 (full 0):
 garbage-first heap   total 75776K, used 41302K [0x0000000740000000, 0x0000000800000000)
  region size 2048K, 1 young (2048K), 1 survivors (2048K)
 Metaspace       used 33928K, committed 34240K, reserved 1081344K
  class space    used 4393K, committed 4544K, reserved 1048576K
}
Event: 22.039 GC heap before
{Heap before GC invocations=19 (full 0):
 garbage-first heap   total 81920K, used 53590K [0x0000000740000000, 0x0000000800000000)
  region size 2048K, 8 young (16384K), 1 survivors (2048K)
 Metaspace       used 33928K, committed 34240K, reserved 1081344K
  class space    used 4393K, committed 4544K, reserved 1048576K
}
Event: 22.041 GC heap after
{Heap after GC invocations=20 (full 0):
 garbage-first heap   total 81920K, used 42112K [0x0000000740000000, 0x0000000800000000)
  region size 2048K, 1 young (2048K), 1 survivors (2048K)
 Metaspace       used 33928K, committed 34240K, reserved 1081344K
  class space    used 4393K, committed 4544K, reserved 1048576K
}
Event: 22.079 GC heap before
{Heap before GC invocations=20 (full 0):
 garbage-first heap   total 81920K, used 58496K [0x0000000740000000, 0x0000000800000000)
  region size 2048K, 10 young (20480K), 1 survivors (2048K)
 Metaspace       used 33928K, committed 34240K, reserved 1081344K
  class space    used 4393K, committed 4544K, reserved 1048576K
}
Event: 22.082 GC heap after
{Heap after GC invocations=21 (full 0):
 garbage-first heap   total 120832K, used 42987K [0x0000000740000000, 0x0000000800000000)
  region size 2048K, 2 young (4096K), 2 survivors (4096K)
 Metaspace       used 33928K, committed 34240K, reserved 1081344K
  class space    used 4393K, committed 4544K, reserved 1048576K
}
Event: 22.235 GC heap before
{Heap before GC invocations=21 (full 0):
 garbage-first heap   total 126976K, used 83947K [0x0000000740000000, 0x0000000800000000)
  region size 2048K, 23 young (47104K), 2 survivors (4096K)
 Metaspace       used 33928K, committed 34240K, reserved 1081344K
  class space    used 4393K, committed 4544K, reserved 1048576K
}
Event: 22.241 GC heap after
{Heap after GC invocations=22 (full 0):
 garbage-first heap   total 126976K, used 44637K [0x0000000740000000, 0x0000000800000000)
  region size 2048K, 2 young (4096K), 2 survivors (4096K)
 Metaspace       used 33928K, committed 34240K, reserved 1081344K
  class space    used 4393K, committed 4544K, reserved 1048576K
}
Event: 22.325 GC heap before
{Heap before GC invocations=23 (full 0):
 garbage-first heap   total 126976K, used 93789K [0x0000000740000000, 0x0000000800000000)
  region size 2048K, 27 young (55296K), 2 survivors (4096K)
 Metaspace       used 33928K, committed 34240K, reserved 1081344K
  class space    used 4393K, committed 4544K, reserved 1048576K
}
Event: 22.331 GC heap after
{Heap after GC invocations=24 (full 0):
 garbage-first heap   total 126976K, used 47470K [0x0000000740000000, 0x0000000800000000)
  region size 2048K, 4 young (8192K), 4 survivors (8192K)
 Metaspace       used 33928K, committed 34240K, reserved 1081344K
  class space    used 4393K, committed 4544K, reserved 1048576K
}
Event: 22.383 GC heap before
{Heap before GC invocations=24 (full 0):
 garbage-first heap   total 126976K, used 94574K [0x0000000740000000, 0x0000000800000000)
  region size 2048K, 28 young (57344K), 4 survivors (8192K)
 Metaspace       used 33928K, committed 34240K, reserved 1081344K
  class space    used 4393K, committed 4544K, reserved 1048576K
}
Event: 22.391 GC heap after
{Heap after GC invocations=25 (full 0):
 garbage-first heap   total 126976K, used 49753K [0x0000000740000000, 0x0000000800000000)
  region size 2048K, 3 young (6144K), 3 survivors (6144K)
 Metaspace       used 33928K, committed 34240K, reserved 1081344K
  class space    used 4393K, committed 4544K, reserved 1048576K
}
Event: 22.484 GC heap before
{Heap before GC invocations=25 (full 0):
 garbage-first heap   total 126976K, used 96857K [0x0000000740000000, 0x0000000800000000)
  region size 2048K, 27 young (55296K), 3 survivors (6144K)
 Metaspace       used 33928K, committed 34240K, reserved 1081344K
  class space    used 4393K, committed 4544K, reserved 1048576K
}
Event: 22.492 GC heap after
{Heap after GC invocations=26 (full 0):
 garbage-first heap   total 237568K, used 52734K [0x0000000740000000, 0x0000000800000000)
  region size 2048K, 3 young (6144K), 3 survivors (6144K)
 Metaspace       used 33928K, committed 34240K, reserved 1081344K
  class space    used 4393K, committed 4544K, reserved 1048576K
}
Event: 22.715 GC heap before
{Heap before GC invocations=26 (full 0):
 garbage-first heap   total 237568K, used 187902K [0x0000000740000000, 0x0000000800000000)
  region size 2048K, 69 young (141312K), 3 survivors (6144K)
 Metaspace       used 33928K, committed 34240K, reserved 1081344K
  class space    used 4393K, committed 4544K, reserved 1048576K
}
Event: 22.726 GC heap after
{Heap after GC invocations=27 (full 0):
 garbage-first heap   total 237568K, used 58314K [0x0000000740000000, 0x0000000800000000)
  region size 2048K, 6 young (12288K), 6 survivors (12288K)
 Metaspace       used 33928K, committed 34240K, reserved 1081344K
  class space    used 4393K, committed 4544K, reserved 1048576K
}
Event: 22.905 GC heap before
{Heap before GC invocations=27 (full 0):
 garbage-first heap   total 237568K, used 183242K [0x0000000740000000, 0x0000000800000000)
  region size 2048K, 68 young (139264K), 6 survivors (12288K)
 Metaspace       used 33928K, committed 34240K, reserved 1081344K
  class space    used 4393K, committed 4544K, reserved 1048576K
}
Event: 22.922 GC heap after
{Heap after GC invocations=28 (full 0):
 garbage-first heap   total 237568K, used 65759K [0x0000000740000000, 0x0000000800000000)
  region size 2048K, 8 young (16384K), 8 survivors (16384K)
 Metaspace       used 33928K, committed 34240K, reserved 1081344K
  class space    used 4393K, committed 4544K, reserved 1048576K
}
Event: 23.100 GC heap before
{Heap before GC invocations=28 (full 0):
 garbage-first heap   total 237568K, used 186591K [0x0000000740000000, 0x0000000800000000)
  region size 2048K, 68 young (139264K), 8 survivors (16384K)
 Metaspace       used 33928K, committed 34240K, reserved 1081344K
  class space    used 4393K, committed 4544K, reserved 1048576K
}
Event: 23.117 GC heap after
{Heap after GC invocations=29 (full 0):
 garbage-first heap   total 237568K, used 71415K [0x0000000740000000, 0x0000000800000000)
  region size 2048K, 7 young (14336K), 7 survivors (14336K)
 Metaspace       used 33928K, committed 34240K, reserved 1081344K
  class space    used 4393K, committed 4544K, reserved 1048576K
}
Event: 23.265 GC heap before
{Heap before GC invocations=29 (full 0):
 garbage-first heap   total 237568K, used 188151K [0x0000000740000000, 0x0000000800000000)
  region size 2048K, 65 young (133120K), 7 survivors (14336K)
 Metaspace       used 33928K, committed 34240K, reserved 1081344K
  class space    used 4393K, committed 4544K, reserved 1048576K
}

