# JRE version: OpenJDK Runtime Environment Temurin-17.0.3+7 (17.0.3+7) (build 17.0.3+7)
# Java VM: OpenJDK 64-Bit Server VM Temurin-17.0.3+7 (17.0.3+7, mixed mode, emulated-client, tiered, compressed oops, compressed class ptrs, g1 gc, windows-amd64)
GC Precious Log:
 CPUs: 2 total, 2 available
 Memory: 12287M
 Large Page Support: Disabled
 NUMA Support: Disabled
 Compressed Oops: Enabled (Zero based)
 Heap Region Size: 2M
 Heap Min Capacity: 8M
 Heap Initial Capacity: 192M
 Heap Max Capacity: 3G
 Pre-touch: Disabled
 Parallel Workers: 2
 Concurrent Workers: 1
 Concurrent Refinement Workers: 2
 Periodic GC: Disabled
Heap:
 garbage-first heap   total 200704K, used 65924K [0x0000000740000000, 0x0000000800000000)
  region size 2048K, 5 young (10240K), 5 survivors (10240K)
 Metaspace       used 33905K, committed 34112K, reserved 1081344K
  class space    used 4393K, committed 4480K, reserved 1048576K
GC Heap History (20 events):
Event: 26.548 GC heap after
{Heap after GC invocations=22 (full 0):
 garbage-first heap   total 65536K, used 40026K [0x0000000740000000, 0x0000000800000000)
  region size 2048K, 1 young (2048K), 1 survivors (2048K)
 Metaspace       used 33671K, committed 33920K, reserved 1081344K
  class space    used 4369K, committed 4480K, reserved 1048576K
}
Event: 26.740 GC heap before
{Heap before GC invocations=22 (full 0):
 garbage-first heap   total 65536K, used 44122K [0x0000000740000000, 0x0000000800000000)
  region size 2048K, 4 young (8192K), 1 survivors (2048K)
 Metaspace       used 33673K, committed 33920K, reserved 1081344K
  class space    used 4371K, committed 4480K, reserved 1048576K
}
Event: 26.747 GC heap after
{Heap after GC invocations=23 (full 0):
 garbage-first heap   total 65536K, used 41234K [0x0000000740000000, 0x0000000800000000)
  region size 2048K, 1 young (2048K), 1 survivors (2048K)
 Metaspace       used 33673K, committed 33920K, reserved 1081344K
  class space    used 4371K, committed 4480K, reserved 1048576K
}
Event: 27.111 GC heap before
{Heap before GC invocations=24 (full 0):
 garbage-first heap   total 75776K, used 45330K [0x0000000740000000, 0x0000000800000000)
  region size 2048K, 4 young (8192K), 1 survivors (2048K)
 Metaspace       used 33674K, committed 33920K, reserved 1081344K
  class space    used 4371K, committed 4480K, reserved 1048576K
}
Event: 27.113 GC heap after
{Heap after GC invocations=25 (full 0):
 garbage-first heap   total 75776K, used 41470K [0x0000000740000000, 0x0000000800000000)
  region size 2048K, 1 young (2048K), 1 survivors (2048K)
 Metaspace       used 33674K, committed 33920K, reserved 1081344K
  class space    used 4371K, committed 4480K, reserved 1048576K
}
Event: 27.149 GC heap before
{Heap before GC invocations=25 (full 0):
 garbage-first heap   total 75776K, used 51710K [0x0000000740000000, 0x0000000800000000)
  region size 2048K, 7 young (14336K), 1 survivors (2048K)
 Metaspace       used 33904K, committed 34112K, reserved 1081344K
  class space    used 4393K, committed 4480K, reserved 1048576K
}
Event: 27.151 GC heap after
{Heap after GC invocations=26 (full 0):
 garbage-first heap   total 75776K, used 42091K [0x0000000740000000, 0x0000000800000000)
  region size 2048K, 1 young (2048K), 1 survivors (2048K)
 Metaspace       used 33904K, committed 34112K, reserved 1081344K
  class space    used 4393K, committed 4480K, reserved 1048576K
}
Event: 27.342 GC heap before
{Heap before GC invocations=27 (full 0):
 garbage-first heap   total 100352K, used 54379K [0x0000000740000000, 0x0000000800000000)
  region size 2048K, 9 young (18432K), 1 survivors (2048K)
 Metaspace       used 33904K, committed 34112K, reserved 1081344K
  class space    used 4393K, committed 4480K, reserved 1048576K
}
Event: 27.345 GC heap after
{Heap after GC invocations=28 (full 0):
 garbage-first heap   total 100352K, used 42924K [0x0000000740000000, 0x0000000800000000)
  region size 2048K, 1 young (2048K), 1 survivors (2048K)
 Metaspace       used 33904K, committed 34112K, reserved 1081344K
  class space    used 4393K, committed 4480K, reserved 1048576K
}
Event: 27.389 GC heap before
{Heap before GC invocations=28 (full 0):
 garbage-first heap   total 100352K, used 71596K [0x0000000740000000, 0x0000000800000000)
  region size 2048K, 16 young (32768K), 1 survivors (2048K)
 Metaspace       used 33904K, committed 34112K, reserved 1081344K
  class space    used 4393K, committed 4480K, reserved 1048576K
}
Event: 27.392 GC heap after
{Heap after GC invocations=29 (full 0):
 garbage-first heap   total 100352K, used 44386K [0x0000000740000000, 0x0000000800000000)
  region size 2048K, 2 young (4096K), 2 survivors (4096K)
 Metaspace       used 33904K, committed 34112K, reserved 1081344K
  class space    used 4393K, committed 4480K, reserved 1048576K
}
Event: 27.422 GC heap before
{Heap before GC invocations=29 (full 0):
 garbage-first heap   total 100352K, used 73058K [0x0000000740000000, 0x0000000800000000)
  region size 2048K, 17 young (34816K), 2 survivors (4096K)
 Metaspace       used 33904K, committed 34112K, reserved 1081344K
  class space    used 4393K, committed 4480K, reserved 1048576K
}
Event: 27.427 GC heap after
{Heap after GC invocations=30 (full 0):
 garbage-first heap   total 200704K, used 45480K [0x0000000740000000, 0x0000000800000000)
  region size 2048K, 2 young (4096K), 2 survivors (4096K)
 Metaspace       used 33904K, committed 34112K, reserved 1081344K
  class space    used 4393K, committed 4480K, reserved 1048576K
}
Event: 28.187 GC heap before
{Heap before GC invocations=30 (full 0):
 garbage-first heap   total 200704K, used 154024K [0x0000000740000000, 0x0000000800000000)
  region size 2048K, 56 young (114688K), 2 survivors (4096K)
 Metaspace       used 33905K, committed 34112K, reserved 1081344K
  class space    used 4393K, committed 4480K, reserved 1048576K
}
Event: 28.200 GC heap after
{Heap after GC invocations=31 (full 0):
 garbage-first heap   total 200704K, used 50881K [0x0000000740000000, 0x0000000800000000)
  region size 2048K, 5 young (10240K), 5 survivors (10240K)
 Metaspace       used 33905K, committed 34112K, reserved 1081344K
  class space    used 4393K, committed 4480K, reserved 1048576K
}
Event: 28.489 GC heap before
{Heap before GC invocations=31 (full 0):
 garbage-first heap   total 200704K, used 151233K [0x0000000740000000, 0x0000000800000000)
  region size 2048K, 55 young (112640K), 5 survivors (10240K)
 Metaspace       used 33905K, committed 34112K, reserved 1081344K
  class space    used 4393K, committed 4480K, reserved 1048576K
}
Event: 28.504 GC heap after
{Heap after GC invocations=32 (full 0):
 garbage-first heap   total 200704K, used 55790K [0x0000000740000000, 0x0000000800000000)
  region size 2048K, 6 young (12288K), 6 survivors (12288K)
 Metaspace       used 33905K, committed 34112K, reserved 1081344K
  class space    used 4393K, committed 4480K, reserved 1048576K
}
Event: 29.108 GC heap before
{Heap before GC invocations=32 (full 0):
 garbage-first heap   total 200704K, used 156142K [0x0000000740000000, 0x0000000800000000)
  region size 2048K, 56 young (114688K), 6 survivors (12288K)
 Metaspace       used 33905K, committed 34112K, reserved 1081344K
  class space    used 4393K, committed 4480K, reserved 1048576K
}
Event: 29.122 GC heap after
{Heap after GC invocations=33 (full 0):
 garbage-first heap   total 200704K, used 60904K [0x0000000740000000, 0x0000000800000000)
  region size 2048K, 5 young (10240K), 5 survivors (10240K)
 Metaspace       used 33905K, committed 34112K, reserved 1081344K
  class space    used 4393K, committed 4480K, reserved 1048576K
}
Event: 29.554 GC heap before
{Heap before GC invocations=33 (full 0):
 garbage-first heap   total 200704K, used 159208K [0x0000000740000000, 0x0000000800000000)
  region size 2048K, 54 young (110592K), 5 survivors (10240K)
 Metaspace       used 33905K, committed 34112K, reserved 1081344K
  class space    used 4393K, committed 4480K, reserved 1048576K
}

