# JRE version: OpenJDK Runtime Environment Temurin-17.0.3+7 (17.0.3+7) (build 17.0.3+7)
# Java VM: OpenJDK 64-Bit Server VM Temurin-17.0.3+7 (17.0.3+7, mixed mode, emulated-client, tiered, compressed oops, compressed class ptrs, g1 gc, windows-amd64)
GC Precious Log:
 CPUs: 2 total, 2 available
 Memory: 12287M
 Large Page Support: Disabled
 NUMA Support: Disabled
 Compressed Oops: Enabled (Zero based)
 Heap Region Size: 2M
 Heap Min Capacity: 8M
 Heap Initial Capacity: 192M
 Heap Max Capacity: 3G
 Pre-touch: Disabled
 Parallel Workers: 2
 Concurrent Workers: 1
 Concurrent Refinement Workers: 2
 Periodic GC: Disabled
Heap:
 garbage-first heap   total 272384K, used 103204K [0x0000000740000000, 0x0000000800000000)
  region size 2048K, 7 young (14336K), 7 survivors (14336K)
 Metaspace       used 33982K, committed 34240K, reserved 1081344K
  class space    used 4395K, committed 4480K, reserved 1048576K
GC Heap History (20 events):
Event: 16.535 GC heap after
{Heap after GC invocations=17 (full 0):
 garbage-first heap   total 137216K, used 50125K [0x0000000740000000, 0x0000000800000000)
  region size 2048K, 4 young (8192K), 4 survivors (8192K)
 Metaspace       used 33979K, committed 34240K, reserved 1081344K
  class space    used 4395K, committed 4480K, reserved 1048576K
}
Event: 16.675 GC heap before
{Heap before GC invocations=17 (full 0):
 garbage-first heap   total 137216K, used 101325K [0x0000000740000000, 0x0000000800000000)
  region size 2048K, 30 young (61440K), 4 survivors (8192K)
 Metaspace       used 33979K, committed 34240K, reserved 1081344K
  class space    used 4395K, committed 4480K, reserved 1048576K
}
Event: 16.682 GC heap after
{Heap after GC invocations=18 (full 0):
 garbage-first heap   total 137216K, used 52290K [0x0000000740000000, 0x0000000800000000)
  region size 2048K, 3 young (6144K), 3 survivors (6144K)
 Metaspace       used 33979K, committed 34240K, reserved 1081344K
  class space    used 4395K, committed 4480K, reserved 1048576K
}
Event: 16.987 GC heap before
{Heap before GC invocations=18 (full 0):
 garbage-first heap   total 137216K, used 105538K [0x0000000740000000, 0x0000000800000000)
  region size 2048K, 30 young (61440K), 3 survivors (6144K)
 Metaspace       used 33979K, committed 34240K, reserved 1081344K
  class space    used 4395K, committed 4480K, reserved 1048576K
}
Event: 16.994 GC heap after
{Heap after GC invocations=19 (full 0):
 garbage-first heap   total 210944K, used 55407K [0x0000000740000000, 0x0000000800000000)
  region size 2048K, 3 young (6144K), 3 survivors (6144K)
 Metaspace       used 33979K, committed 34240K, reserved 1081344K
  class space    used 4395K, committed 4480K, reserved 1048576K
}
Event: 17.307 GC heap before
{Heap before GC invocations=19 (full 0):
 garbage-first heap   total 210944K, used 163951K [0x0000000740000000, 0x0000000800000000)
  region size 2048K, 57 young (116736K), 3 survivors (6144K)
 Metaspace       used 33979K, committed 34240K, reserved 1081344K
  class space    used 4395K, committed 4480K, reserved 1048576K
}
Event: 17.316 GC heap after
{Heap after GC invocations=20 (full 0):
 garbage-first heap   total 210944K, used 60486K [0x0000000740000000, 0x0000000800000000)
  region size 2048K, 6 young (12288K), 6 survivors (12288K)
 Metaspace       used 33979K, committed 34240K, reserved 1081344K
  class space    used 4395K, committed 4480K, reserved 1048576K
}
Event: 17.566 GC heap before
{Heap before GC invocations=20 (full 0):
 garbage-first heap   total 210944K, used 162886K [0x0000000740000000, 0x0000000800000000)
  region size 2048K, 57 young (116736K), 6 survivors (12288K)
 Metaspace       used 33979K, committed 34240K, reserved 1081344K
  class space    used 4395K, committed 4480K, reserved 1048576K
}
Event: 17.578 GC heap after
{Heap after GC invocations=21 (full 0):
 garbage-first heap   total 210944K, used 66226K [0x0000000740000000, 0x0000000800000000)
  region size 2048K, 7 young (14336K), 7 survivors (14336K)
 Metaspace       used 33979K, committed 34240K, reserved 1081344K
  class space    used 4395K, committed 4480K, reserved 1048576K
}
Event: 17.898 GC heap before
{Heap before GC invocations=21 (full 0):
 garbage-first heap   total 210944K, used 166578K [0x0000000740000000, 0x0000000800000000)
  region size 2048K, 58 young (118784K), 7 survivors (14336K)
 Metaspace       used 33979K, committed 34240K, reserved 1081344K
  class space    used 4395K, committed 4480K, reserved 1048576K
}
Event: 17.909 GC heap after
{Heap after GC invocations=22 (full 0):
 garbage-first heap   total 210944K, used 71431K [0x0000000740000000, 0x0000000800000000)
  region size 2048K, 6 young (12288K), 6 survivors (12288K)
 Metaspace       used 33979K, committed 34240K, reserved 1081344K
  class space    used 4395K, committed 4480K, reserved 1048576K
}
Event: 18.066 GC heap before
{Heap before GC invocations=22 (full 0):
 garbage-first heap   total 210944K, used 167687K [0x0000000740000000, 0x0000000800000000)
  region size 2048K, 55 young (112640K), 6 survivors (12288K)
 Metaspace       used 33979K, committed 34240K, reserved 1081344K
  class space    used 4395K, committed 4480K, reserved 1048576K
}
Event: 18.079 GC heap after
{Heap after GC invocations=23 (full 0):
 garbage-first heap   total 272384K, used 75581K [0x0000000740000000, 0x0000000800000000)
  region size 2048K, 5 young (10240K), 5 survivors (10240K)
 Metaspace       used 33979K, committed 34240K, reserved 1081344K
  class space    used 4395K, committed 4480K, reserved 1048576K
}
Event: 18.289 GC heap before
{Heap before GC invocations=23 (full 0):
 garbage-first heap   total 272384K, used 220989K [0x0000000740000000, 0x0000000800000000)
  region size 2048K, 77 young (157696K), 5 survivors (10240K)
 Metaspace       used 33982K, committed 34240K, reserved 1081344K
  class space    used 4395K, committed 4480K, reserved 1048576K
}
Event: 18.302 GC heap after
{Heap after GC invocations=24 (full 0):
 garbage-first heap   total 272384K, used 80673K [0x0000000740000000, 0x0000000800000000)
  region size 2048K, 8 young (16384K), 8 survivors (16384K)
 Metaspace       used 33982K, committed 34240K, reserved 1081344K
  class space    used 4395K, committed 4480K, reserved 1048576K
}
Event: 18.644 GC heap before
{Heap before GC invocations=24 (full 0):
 garbage-first heap   total 272384K, used 219937K [0x0000000740000000, 0x0000000800000000)
  region size 2048K, 78 young (159744K), 8 survivors (16384K)
 Metaspace       used 33982K, committed 34240K, reserved 1081344K
  class space    used 4395K, committed 4480K, reserved 1048576K
}
Event: 18.657 GC heap after
{Heap after GC invocations=25 (full 0):
 garbage-first heap   total 272384K, used 88352K [0x0000000740000000, 0x0000000800000000)
  region size 2048K, 9 young (18432K), 9 survivors (18432K)
 Metaspace       used 33982K, committed 34240K, reserved 1081344K
  class space    used 4395K, committed 4480K, reserved 1048576K
}
Event: 19.040 GC heap before
{Heap before GC invocations=25 (full 0):
 garbage-first heap   total 272384K, used 221472K [0x0000000740000000, 0x0000000800000000)
  region size 2048K, 76 young (155648K), 9 survivors (18432K)
 Metaspace       used 33982K, committed 34240K, reserved 1081344K
  class space    used 4395K, committed 4480K, reserved 1048576K
}
Event: 19.055 GC heap after
{Heap after GC invocations=26 (full 0):
 garbage-first heap   total 272384K, used 95056K [0x0000000740000000, 0x0000000800000000)
  region size 2048K, 7 young (14336K), 7 survivors (14336K)
 Metaspace       used 33982K, committed 34240K, reserved 1081344K
  class space    used 4395K, committed 4480K, reserved 1048576K
}
Event: 19.489 GC heap before
{Heap before GC invocations=26 (full 0):
 garbage-first heap   total 272384K, used 222032K [0x0000000740000000, 0x0000000800000000)
  region size 2048K, 70 young (143360K), 7 survivors (14336K)
 Metaspace       used 33982K, committed 34240K, reserved 1081344K
  class space    used 4395K, committed 4480K, reserved 1048576K
}

