# JRE version: OpenJDK Runtime Environment Temurin-17.0.3+7 (17.0.3+7) (build 17.0.3+7)
# Java VM: OpenJDK 64-Bit Server VM Temurin-17.0.3+7 (17.0.3+7, mixed mode, emulated-client, tiered, compressed oops, compressed class ptrs, g1 gc, windows-amd64)
GC Precious Log:
 CPUs: 2 total, 2 available
 Memory: 12287M
 Large Page Support: Disabled
 NUMA Support: Disabled
 Compressed Oops: Enabled (Zero based)
 Heap Region Size: 2M
 Heap Min Capacity: 8M
 Heap Initial Capacity: 192M
 Heap Max Capacity: 3G
 Pre-touch: Disabled
 Parallel Workers: 2
 Concurrent Workers: 1
 Concurrent Refinement Workers: 2
 Periodic GC: Disabled
Heap:
 garbage-first heap   total 196608K, used 65366K [0x0000000740000000, 0x0000000800000000)
  region size 2048K, 4 young (8192K), 4 survivors (8192K)
 Metaspace       used 33927K, committed 34240K, reserved 1081344K
  class space    used 4393K, committed 4544K, reserved 1048576K
GC Heap History (20 events):
Event: 24.978 GC heap after
{Heap after GC invocations=17 (full 0):
 garbage-first heap   total 71680K, used 40921K [0x0000000740000000, 0x0000000800000000)
  region size 2048K, 1 young (2048K), 1 survivors (2048K)
 Metaspace       used 33739K, committed 34048K, reserved 1081344K
  class space    used 4371K, committed 4544K, reserved 1048576K
}
Event: 25.016 GC heap before
{Heap before GC invocations=17 (full 0):
 garbage-first heap   total 71680K, used 49113K [0x0000000740000000, 0x0000000800000000)
  region size 2048K, 6 young (12288K), 1 survivors (2048K)
 Metaspace       used 33927K, committed 34240K, reserved 1081344K
  class space    used 4393K, committed 4544K, reserved 1048576K
}
Event: 25.018 GC heap after
{Heap after GC invocations=18 (full 0):
 garbage-first heap   total 71680K, used 41263K [0x0000000740000000, 0x0000000800000000)
  region size 2048K, 1 young (2048K), 1 survivors (2048K)
 Metaspace       used 33927K, committed 34240K, reserved 1081344K
  class space    used 4393K, committed 4544K, reserved 1048576K
}
Event: 25.153 GC heap before
{Heap before GC invocations=18 (full 0):
 garbage-first heap   total 90112K, used 49455K [0x0000000740000000, 0x0000000800000000)
  region size 2048K, 6 young (12288K), 1 survivors (2048K)
 Metaspace       used 33927K, committed 34240K, reserved 1081344K
  class space    used 4393K, committed 4544K, reserved 1048576K
}
Event: 25.156 GC heap after
{Heap after GC invocations=19 (full 0):
 garbage-first heap   total 108544K, used 41817K [0x0000000740000000, 0x0000000800000000)
  region size 2048K, 1 young (2048K), 1 survivors (2048K)
 Metaspace       used 33927K, committed 34240K, reserved 1081344K
  class space    used 4393K, committed 4544K, reserved 1048576K
}
Event: 25.245 GC heap before
{Heap before GC invocations=20 (full 0):
 garbage-first heap   total 108544K, used 72537K [0x0000000740000000, 0x0000000800000000)
  region size 2048K, 17 young (34816K), 1 survivors (2048K)
 Metaspace       used 33927K, committed 34240K, reserved 1081344K
  class space    used 4393K, committed 4544K, reserved 1048576K
}
Event: 25.250 GC heap after
{Heap after GC invocations=21 (full 0):
 garbage-first heap   total 108544K, used 43257K [0x0000000740000000, 0x0000000800000000)
  region size 2048K, 2 young (4096K), 2 survivors (4096K)
 Metaspace       used 33927K, committed 34240K, reserved 1081344K
  class space    used 4393K, committed 4544K, reserved 1048576K
}
Event: 25.297 GC heap before
{Heap before GC invocations=21 (full 0):
 garbage-first heap   total 108544K, used 78073K [0x0000000740000000, 0x0000000800000000)
  region size 2048K, 20 young (40960K), 2 survivors (4096K)
 Metaspace       used 33927K, committed 34240K, reserved 1081344K
  class space    used 4393K, committed 4544K, reserved 1048576K
}
Event: 25.303 GC heap after
{Heap after GC invocations=22 (full 0):
 garbage-first heap   total 108544K, used 44831K [0x0000000740000000, 0x0000000800000000)
  region size 2048K, 3 young (6144K), 3 survivors (6144K)
 Metaspace       used 33927K, committed 34240K, reserved 1081344K
  class space    used 4393K, committed 4544K, reserved 1048576K
}
Event: 25.386 GC heap before
{Heap before GC invocations=22 (full 0):
 garbage-first heap   total 108544K, used 77599K [0x0000000740000000, 0x0000000800000000)
  region size 2048K, 20 young (40960K), 3 survivors (6144K)
 Metaspace       used 33927K, committed 34240K, reserved 1081344K
  class space    used 4393K, committed 4544K, reserved 1048576K
}
Event: 25.392 GC heap after
{Heap after GC invocations=23 (full 0):
 garbage-first heap   total 108544K, used 46861K [0x0000000740000000, 0x0000000800000000)
  region size 2048K, 2 young (4096K), 2 survivors (4096K)
 Metaspace       used 33927K, committed 34240K, reserved 1081344K
  class space    used 4393K, committed 4544K, reserved 1048576K
}
Event: 25.435 GC heap before
{Heap before GC invocations=23 (full 0):
 garbage-first heap   total 108544K, used 79629K [0x0000000740000000, 0x0000000800000000)
  region size 2048K, 19 young (38912K), 2 survivors (4096K)
 Metaspace       used 33927K, committed 34240K, reserved 1081344K
  class space    used 4393K, committed 4544K, reserved 1048576K
}
Event: 25.441 GC heap after
{Heap after GC invocations=24 (full 0):
 garbage-first heap   total 182272K, used 48847K [0x0000000740000000, 0x0000000800000000)
  region size 2048K, 2 young (4096K), 2 survivors (4096K)
 Metaspace       used 33927K, committed 34240K, reserved 1081344K
  class space    used 4393K, committed 4544K, reserved 1048576K
}
Event: 25.683 GC heap before
{Heap before GC invocations=24 (full 0):
 garbage-first heap   total 182272K, used 136911K [0x0000000740000000, 0x0000000800000000)
  region size 2048K, 46 young (94208K), 2 survivors (4096K)
 Metaspace       used 33927K, committed 34240K, reserved 1081344K
  class space    used 4393K, committed 4544K, reserved 1048576K
}
Event: 25.694 GC heap after
{Heap after GC invocations=25 (full 0):
 garbage-first heap   total 182272K, used 52680K [0x0000000740000000, 0x0000000800000000)
  region size 2048K, 4 young (8192K), 4 survivors (8192K)
 Metaspace       used 33927K, committed 34240K, reserved 1081344K
  class space    used 4393K, committed 4544K, reserved 1048576K
}
Event: 25.922 GC heap before
{Heap before GC invocations=25 (full 0):
 garbage-first heap   total 182272K, used 142792K [0x0000000740000000, 0x0000000800000000)
  region size 2048K, 48 young (98304K), 4 survivors (8192K)
 Metaspace       used 33927K, committed 34240K, reserved 1081344K
  class space    used 4393K, committed 4544K, reserved 1048576K
}
Event: 25.933 GC heap after
{Heap after GC invocations=26 (full 0):
 garbage-first heap   total 182272K, used 57438K [0x0000000740000000, 0x0000000800000000)
  region size 2048K, 6 young (12288K), 6 survivors (12288K)
 Metaspace       used 33927K, committed 34240K, reserved 1081344K
  class space    used 4393K, committed 4544K, reserved 1048576K
}
Event: 26.159 GC heap before
{Heap before GC invocations=26 (full 0):
 garbage-first heap   total 182272K, used 141406K [0x0000000740000000, 0x0000000800000000)
  region size 2048K, 48 young (98304K), 6 survivors (12288K)
 Metaspace       used 33927K, committed 34240K, reserved 1081344K
  class space    used 4393K, committed 4544K, reserved 1048576K
}
Event: 26.174 GC heap after
{Heap after GC invocations=27 (full 0):
 garbage-first heap   total 182272K, used 61654K [0x0000000740000000, 0x0000000800000000)
  region size 2048K, 5 young (10240K), 5 survivors (10240K)
 Metaspace       used 33927K, committed 34240K, reserved 1081344K
  class space    used 4393K, committed 4544K, reserved 1048576K
}
Event: 26.349 GC heap before
{Heap before GC invocations=27 (full 0):
 garbage-first heap   total 182272K, used 147670K [0x0000000740000000, 0x0000000800000000)
  region size 2048K, 47 young (96256K), 5 survivors (10240K)
 Metaspace       used 33927K, committed 34240K, reserved 1081344K
  class space    used 4393K, committed 4544K, reserved 1048576K
}

